[2010-11-10 04:33:11] /var/www/vhosts/edsgn.com/subdomains/thenategreenexperience/httpdocs/assets/inc/update.inc.php:44 - Error with message "Can't access this action using GET." was thrown from require_once (/var/www/vhosts/edsgn.com/subdomains/thenategreenexperience/httpdocs/index.php:7) with arguments: ('/var/www/vhosts/edsgn.com/subdomains/thenategreenexperience/httpdocs/system/core/init.inc.php')
[2010-11-10 04:33:52] /var/www/vhosts/edsgn.com/subdomains/thenategreenexperience/httpdocs/system/core/helper/class.comments.inc.php:620 - Error with message "No comment ID supplied." was thrown from require_once (/var/www/vhosts/edsgn.com/subdomains/thenategreenexperience/httpdocs/index.php:7) with arguments: ('/var/www/vhosts/edsgn.com/subdomains/thenategreenexperience/httpdocs/system/core/init.inc.php')
[2010-11-10 05:10:13] /var/www/vhosts/edsgn.com/subdomains/thenategreenexperience/httpdocs/assets/inc/update.inc.php:175 - Error with message "An unknown error has occurred.
" was thrown from require_once (/var/www/vhosts/edsgn.com/subdomains/thenategreenexperience/httpdocs/index.php:7) with arguments: ('/var/www/vhosts/edsgn.com/subdomains/thenategreenexperience/httpdocs/system/core/init.inc.php')
[2010-11-10 05:13:55] /var/www/vhosts/edsgn.com/subdomains/thenategreenexperience/httpdocs/assets/inc/update.inc.php:175 - Error with message "An unknown error has occurred.
" was thrown from require_once (/var/www/vhosts/edsgn.com/subdomains/thenategreenexperience/httpdocs/index.php:7) with arguments: ('/var/www/vhosts/edsgn.com/subdomains/thenategreenexperience/httpdocs/system/core/init.inc.php')
[2010-11-10 05:14:21] /var/www/vhosts/edsgn.com/subdomains/thenategreenexperience/httpdocs/assets/inc/update.inc.php:175 - Error with message "An unknown error has occurred.
" was thrown from require_once (/var/www/vhosts/edsgn.com/subdomains/thenategreenexperience/httpdocs/index.php:7) with arguments: ('/var/www/vhosts/edsgn.com/subdomains/thenategreenexperience/httpdocs/system/core/init.inc.php')
[2010-11-10 05:14:49] /var/www/vhosts/edsgn.com/subdomains/thenategreenexperience/httpdocs/assets/inc/update.inc.php:178 - Error with message "An unknown error has occurred.
" was thrown from require_once (/var/www/vhosts/edsgn.com/subdomains/thenategreenexperience/httpdocs/index.php:7) with arguments: ('/var/www/vhosts/edsgn.com/subdomains/thenategreenexperience/httpdocs/system/core/init.inc.php')
[2010-11-10 07:05:16] /var/www/vhosts/edsgn.com/subdomains/thenategreenexperience/httpdocs/system/core/helper/class.admin.inc.php:114 - Error with message "Invalid email address." was thrown from require_once (/var/www/vhosts/edsgn.com/subdomains/thenategreenexperience/httpdocs/index.php:7) with arguments: ('/var/www/vhosts/edsgn.com/subdomains/thenategreenexperience/httpdocs/system/core/init.inc.php')
[2010-11-10 07:33:46] /var/www/vhosts/edsgn.com/subdomains/thenategreenexperience/httpdocs/assets/inc/update.inc.php:189 - Error with message "Action login failed." was thrown from require_once (/var/www/vhosts/edsgn.com/subdomains/thenategreenexperience/httpdocs/index.php:7) with arguments: ('/var/www/vhosts/edsgn.com/subdomains/thenategreenexperience/httpdocs/system/core/init.inc.php')
[2010-11-10 07:41:07] /var/www/vhosts/edsgn.com/subdomains/thenategreenexperience/httpdocs/assets/inc/update.inc.php:189 - Error with message "Action verify_user failed." was thrown from require_once (/var/www/vhosts/edsgn.com/subdomains/thenategreenexperience/httpdocs/index.php:7) with arguments: ('/var/www/vhosts/edsgn.com/subdomains/thenategreenexperience/httpdocs/system/core/init.inc.php')
[2010-11-10 07:41:25] /var/www/vhosts/edsgn.com/subdomains/thenategreenexperience/httpdocs/assets/inc/update.inc.php:189 - Error with message "Action verify_user failed." was thrown from require_once (/var/www/vhosts/edsgn.com/subdomains/thenategreenexperience/httpdocs/index.php:7) with arguments: ('/var/www/vhosts/edsgn.com/subdomains/thenategreenexperience/httpdocs/system/core/init.inc.php')
[2010-11-11 11:08:53] /var/www/vhosts/edsgn.com/subdomains/thenategreenexperience/httpdocs/assets/inc/update.inc.php:189 - Error with message "Action login failed." was thrown from require_once (/var/www/vhosts/edsgn.com/subdomains/thenategreenexperience/httpdocs/index.php:7) with arguments: ('/var/www/vhosts/edsgn.com/subdomains/thenategreenexperience/httpdocs/system/core/init.inc.php')
[2010-11-11 11:09:23] /var/www/vhosts/edsgn.com/subdomains/thenategreenexperience/httpdocs/assets/inc/update.inc.php:202 - Error with message "An unknown error has occurred.
" was thrown from require_once (/var/www/vhosts/edsgn.com/subdomains/thenategreenexperience/httpdocs/index.php:7) with arguments: ('/var/www/vhosts/edsgn.com/subdomains/thenategreenexperience/httpdocs/system/core/init.inc.php')
[2010-11-11 11:54:50] /var/www/vhosts/edsgn.com/subdomains/thenategreenexperience/httpdocs/assets/inc/update.inc.php:189 - Error with message "Action login failed." was thrown from require_once (/var/www/vhosts/edsgn.com/subdomains/thenategreenexperience/httpdocs/index.php:7) with arguments: ('/var/www/vhosts/edsgn.com/subdomains/thenategreenexperience/httpdocs/system/core/init.inc.php')
[2010-11-11 03:34:03] /var/www/vhosts/edsgn.com/subdomains/thenategreenexperience/httpdocs/assets/inc/update.inc.php:189 - Error with message "Action login failed." was thrown from require_once (/var/www/vhosts/edsgn.com/subdomains/thenategreenexperience/httpdocs/index.php:7) with arguments: ('/var/www/vhosts/edsgn.com/subdomains/thenategreenexperience/httpdocs/system/core/init.inc.php')
[2010-11-11 04:29:02] /var/www/vhosts/edsgn.com/subdomains/thenategreenexperience/httpdocs/assets/inc/update.inc.php:189 - Error with message "Action login failed." was thrown from require_once (/var/www/vhosts/edsgn.com/subdomains/thenategreenexperience/httpdocs/index.php:7) with arguments: ('/var/www/vhosts/edsgn.com/subdomains/thenategreenexperience/httpdocs/system/core/init.inc.php')
[2010-11-11 04:45:11] /var/www/vhosts/edsgn.com/subdomains/thenategreenexperience/httpdocs/assets/inc/update.inc.php:189 - Error with message "Action login failed." was thrown from require_once (/var/www/vhosts/edsgn.com/subdomains/thenategreenexperience/httpdocs/index.php:7) with arguments: ('/var/www/vhosts/edsgn.com/subdomains/thenategreenexperience/httpdocs/system/core/init.inc.php')
[2010-11-11 04:45:45] /var/www/vhosts/edsgn.com/subdomains/thenategreenexperience/httpdocs/assets/inc/update.inc.php:189 - Error with message "Action login failed." was thrown from require_once (/var/www/vhosts/edsgn.com/subdomains/thenategreenexperience/httpdocs/index.php:7) with arguments: ('/var/www/vhosts/edsgn.com/subdomains/thenategreenexperience/httpdocs/system/core/init.inc.php')
[2010-11-11 04:46:13] /var/www/vhosts/edsgn.com/subdomains/thenategreenexperience/httpdocs/assets/inc/update.inc.php:189 - Error with message "Action login failed." was thrown from require_once (/var/www/vhosts/edsgn.com/subdomains/thenategreenexperience/httpdocs/index.php:7) with arguments: ('/var/www/vhosts/edsgn.com/subdomains/thenategreenexperience/httpdocs/system/core/init.inc.php')
[2010-11-12 02:59:14] /var/www/vhosts/edsgn.com/subdomains/thenategreenexperience/httpdocs/assets/inc/update.inc.php:189 - Error with message "Action login failed." was thrown from require_once (/var/www/vhosts/edsgn.com/subdomains/thenategreenexperience/httpdocs/index.php:7) with arguments: ('/var/www/vhosts/edsgn.com/subdomains/thenategreenexperience/httpdocs/system/core/init.inc.php')
[2010-11-12 02:59:29] /var/www/vhosts/edsgn.com/subdomains/thenategreenexperience/httpdocs/assets/inc/update.inc.php:189 - Error with message "Action login failed." was thrown from require_once (/var/www/vhosts/edsgn.com/subdomains/thenategreenexperience/httpdocs/index.php:7) with arguments: ('/var/www/vhosts/edsgn.com/subdomains/thenategreenexperience/httpdocs/system/core/init.inc.php')
[2010-11-15 09:45:14] /var/www/vhosts/edsgn.com/subdomains/thenategreenexperience/httpdocs/assets/inc/update.inc.php:189 - Error with message "Action login failed." was thrown from require_once (/var/www/vhosts/edsgn.com/subdomains/thenategreenexperience/httpdocs/index.php:7) with arguments: ('/var/www/vhosts/edsgn.com/subdomains/thenategreenexperience/httpdocs/system/core/init.inc.php')
[2010-11-15 09:47:41] /var/www/vhosts/edsgn.com/subdomains/thenategreenexperience/httpdocs/assets/inc/update.inc.php:189 - Error with message "Action login failed." was thrown from require_once (/var/www/vhosts/edsgn.com/subdomains/thenategreenexperience/httpdocs/index.php:7) with arguments: ('/var/www/vhosts/edsgn.com/subdomains/thenategreenexperience/httpdocs/system/core/init.inc.php')
[2010-11-15 08:55:50] /var/www/vhosts/edsgn.com/subdomains/thenategreenexperience/httpdocs/assets/inc/update.inc.php:202 - Error with message "An unknown error has occurred.
" was thrown from require_once (/var/www/vhosts/edsgn.com/subdomains/thenategreenexperience/httpdocs/index.php:7) with arguments: ('/var/www/vhosts/edsgn.com/subdomains/thenategreenexperience/httpdocs/system/core/init.inc.php')
[2010-11-15 11:00:49] /var/www/vhosts/edsgn.com/subdomains/thenategreenexperience/httpdocs/assets/inc/update.inc.php:189 - Error with message "Action login failed." was thrown from require_once (/var/www/vhosts/edsgn.com/subdomains/thenategreenexperience/httpdocs/index.php:7) with arguments: ('/var/www/vhosts/edsgn.com/subdomains/thenategreenexperience/httpdocs/system/core/init.inc.php')
[2010-11-15 11:02:07] /var/www/vhosts/edsgn.com/subdomains/thenategreenexperience/httpdocs/assets/inc/update.inc.php:189 - Error with message "Action login failed." was thrown from require_once (/var/www/vhosts/edsgn.com/subdomains/thenategreenexperience/httpdocs/index.php:7) with arguments: ('/var/www/vhosts/edsgn.com/subdomains/thenategreenexperience/httpdocs/system/core/init.inc.php')
[2010-11-15 11:03:04] /var/www/vhosts/edsgn.com/subdomains/thenategreenexperience/httpdocs/assets/inc/update.inc.php:189 - Error with message "Action login failed." was thrown from require_once (/var/www/vhosts/edsgn.com/subdomains/thenategreenexperience/httpdocs/index.php:7) with arguments: ('/var/www/vhosts/edsgn.com/subdomains/thenategreenexperience/httpdocs/system/core/init.inc.php')
[2010-11-15 11:03:28] /var/www/vhosts/edsgn.com/subdomains/thenategreenexperience/httpdocs/assets/inc/update.inc.php:189 - Error with message "Action login failed." was thrown from require_once (/var/www/vhosts/edsgn.com/subdomains/thenategreenexperience/httpdocs/index.php:7) with arguments: ('/var/www/vhosts/edsgn.com/subdomains/thenategreenexperience/httpdocs/system/core/init.inc.php')
[2010-11-20 07:48:31] /var/www/vhosts/edsgn.com/subdomains/thenategreenexperience/httpdocs/system/core/database/class.db_actions.inc.php:169 - Error with message "Column 'slug' cannot be null" was thrown from require_once (/var/www/vhosts/edsgn.com/subdomains/thenategreenexperience/httpdocs/index.php:7) with arguments: ('/var/www/vhosts/edsgn.com/subdomains/thenategreenexperience/httpdocs/system/core/init.inc.php')
[2010-11-20 07:48:49] /var/www/vhosts/edsgn.com/subdomains/thenategreenexperience/httpdocs/system/core/database/class.db_actions.inc.php:169 - Error with message "Column 'slug' cannot be null" was thrown from require_once (/var/www/vhosts/edsgn.com/subdomains/thenategreenexperience/httpdocs/index.php:7) with arguments: ('/var/www/vhosts/edsgn.com/subdomains/thenategreenexperience/httpdocs/system/core/init.inc.php')
[2010-11-24 02:27:26] /var/www/vhosts/edsgn.com/subdomains/thenategreenexperience/httpdocs/system/core/helper/class.comments.inc.php:453 - Error with message "You must be logged in to do that." was thrown from require_once (/var/www/vhosts/edsgn.com/subdomains/thenategreenexperience/httpdocs/index.php:7) with arguments: ('/var/www/vhosts/edsgn.com/subdomains/thenategreenexperience/httpdocs/system/core/init.inc.php')
[2010-11-24 02:29:26] /var/www/vhosts/edsgn.com/subdomains/thenategreenexperience/httpdocs/system/core/helper/class.comments.inc.php:463 - Error with message "Something went wrong loading entry data!" was thrown from require_once (/var/www/vhosts/edsgn.com/subdomains/thenategreenexperience/httpdocs/index.php:7) with arguments: ('/var/www/vhosts/edsgn.com/subdomains/thenategreenexperience/httpdocs/system/core/init.inc.php')
[2010-11-24 02:30:07] /var/www/vhosts/edsgn.com/subdomains/thenategreenexperience/httpdocs/system/core/helper/class.comments.inc.php:463 - Error with message "Something went wrong loading entry data!" was thrown from require_once (/var/www/vhosts/edsgn.com/subdomains/thenategreenexperience/httpdocs/index.php:7) with arguments: ('/var/www/vhosts/edsgn.com/subdomains/thenategreenexperience/httpdocs/system/core/init.inc.php')
[2010-11-24 02:30:27] /var/www/vhosts/edsgn.com/subdomains/thenategreenexperience/httpdocs/system/core/helper/class.comments.inc.php:463 - Error with message "Something went wrong loading entry data!" was thrown from require_once (/var/www/vhosts/edsgn.com/subdomains/thenategreenexperience/httpdocs/index.php:7) with arguments: ('/var/www/vhosts/edsgn.com/subdomains/thenategreenexperience/httpdocs/system/core/init.inc.php')
[2010-12-11 07:34:58] /var/www/vhosts/edsgn.com/subdomains/thenategreenexperience/httpdocs/assets/inc/update.inc.php:189 - Error with message "Action login failed." was thrown from require_once (/var/www/vhosts/edsgn.com/subdomains/thenategreenexperience/httpdocs/index.php:7) with arguments: ('/var/www/vhosts/edsgn.com/subdomains/thenategreenexperience/httpdocs/system/core/init.inc.php')
[2010-12-21 08:46:42] /var/www/vhosts/edsgn.com/subdomains/thenategreenexperience/httpdocs/assets/inc/update.inc.php:170 - Error with message "An unknown error has occurred.
" was thrown from require_once (/var/www/vhosts/edsgn.com/subdomains/thenategreenexperience/httpdocs/index.php:7) with arguments: ('/var/www/vhosts/edsgn.com/subdomains/thenategreenexperience/httpdocs/system/core/init.inc.php')
[2010-12-21 08:47:48] /var/www/vhosts/edsgn.com/subdomains/thenategreenexperience/httpdocs/assets/inc/update.inc.php:170 - Error with message "An unknown error has occurred.
" was thrown from require_once (/var/www/vhosts/edsgn.com/subdomains/thenategreenexperience/httpdocs/index.php:7) with arguments: ('/var/www/vhosts/edsgn.com/subdomains/thenategreenexperience/httpdocs/system/core/init.inc.php')
[2010-12-21 08:48:02] /var/www/vhosts/edsgn.com/subdomains/thenategreenexperience/httpdocs/assets/inc/update.inc.php:170 - Error with message "An unknown error has occurred.
" was thrown from require_once (/var/www/vhosts/edsgn.com/subdomains/thenategreenexperience/httpdocs/index.php:7) with arguments: ('/var/www/vhosts/edsgn.com/subdomains/thenategreenexperience/httpdocs/system/core/init.inc.php')
[2010-12-21 08:48:42] /var/www/vhosts/edsgn.com/subdomains/thenategreenexperience/httpdocs/assets/inc/update.inc.php:170 - Error with message "An unknown error has occurred.
" was thrown from require_once (/var/www/vhosts/edsgn.com/subdomains/thenategreenexperience/httpdocs/index.php:7) with arguments: ('/var/www/vhosts/edsgn.com/subdomains/thenategreenexperience/httpdocs/system/core/init.inc.php')
[2010-12-21 08:49:26] /var/www/vhosts/edsgn.com/subdomains/thenategreenexperience/httpdocs/assets/inc/update.inc.php:172 - Error with message "An unknown error has occurred.
" was thrown from require_once (/var/www/vhosts/edsgn.com/subdomains/thenategreenexperience/httpdocs/index.php:7) with arguments: ('/var/www/vhosts/edsgn.com/subdomains/thenategreenexperience/httpdocs/system/core/init.inc.php')
[2010-12-21 08:50:09] /var/www/vhosts/edsgn.com/subdomains/thenategreenexperience/httpdocs/assets/inc/update.inc.php:173 - Error with message "An unknown error has occurred.
" was thrown from require_once (/var/www/vhosts/edsgn.com/subdomains/thenategreenexperience/httpdocs/index.php:7) with arguments: ('/var/www/vhosts/edsgn.com/subdomains/thenategreenexperience/httpdocs/system/core/init.inc.php')
[2010-12-21 08:50:35] /var/www/vhosts/edsgn.com/subdomains/thenategreenexperience/httpdocs/assets/inc/update.inc.php:172 - Error with message "An unknown error has occurred.
" was thrown from require_once (/var/www/vhosts/edsgn.com/subdomains/thenategreenexperience/httpdocs/index.php:7) with arguments: ('/var/www/vhosts/edsgn.com/subdomains/thenategreenexperience/httpdocs/system/core/init.inc.php')
[2010-12-21 08:52:17] /var/www/vhosts/edsgn.com/subdomains/thenategreenexperience/httpdocs/assets/inc/update.inc.php:172 - Error with message "An unknown error has occurred.
" was thrown from require_once (/var/www/vhosts/edsgn.com/subdomains/thenategreenexperience/httpdocs/index.php:7) with arguments: ('/var/www/vhosts/edsgn.com/subdomains/thenategreenexperience/httpdocs/system/core/init.inc.php')
[2010-12-21 08:55:56] /var/www/vhosts/edsgn.com/subdomains/thenategreenexperience/httpdocs/assets/inc/update.inc.php:172 - Error with message "An unknown error has occurred.
" was thrown from require_once (/var/www/vhosts/edsgn.com/subdomains/thenategreenexperience/httpdocs/index.php:7) with arguments: ('/var/www/vhosts/edsgn.com/subdomains/thenategreenexperience/httpdocs/system/core/init.inc.php')
[2010-12-29 02:37:25] /var/www/vhosts/edsgn.com/subdomains/thenategreenexperience/httpdocs/assets/inc/update.inc.php:159 - Error with message "Action login failed." was thrown from require_once (/var/www/vhosts/edsgn.com/subdomains/thenategreenexperience/httpdocs/index.php:7) with arguments: ('/var/www/vhosts/edsgn.com/subdomains/thenategreenexperience/httpdocs/system/core/init.inc.php')
[2010-12-31 01:19:25] /var/www/vhosts/edsgn.com/subdomains/thenategreenexperience/httpdocs/assets/inc/update.inc.php:162 - Error with message "Action login failed." was thrown from require_once (/var/www/vhosts/edsgn.com/subdomains/thenategreenexperience/httpdocs/index.php:7) with arguments: ('/var/www/vhosts/edsgn.com/subdomains/thenategreenexperience/httpdocs/system/core/init.inc.php')
[2011-01-02 01:27:23] /var/www/vhosts/edsgn.com/subdomains/thenategreenexperience/httpdocs/assets/inc/update.inc.php:175 - Error with message "An unknown error has occurred.
" was thrown from require_once (/var/www/vhosts/edsgn.com/subdomains/thenategreenexperience/httpdocs/index.php:7) with arguments: ('/var/www/vhosts/edsgn.com/subdomains/thenategreenexperience/httpdocs/system/core/init.inc.php')
[2011-01-09 04:54:52] /var/www/vhosts/cptr.us/subdomains/build/httpdocs/assets/inc/update.inc.php:157 - Error with message "Action login failed." was thrown from require_once (/var/www/vhosts/cptr.us/subdomains/build/httpdocs/index.php:7) with arguments: ('/var/www/vhosts/cptr.us/subdomains/build/httpdocs/system/core/init.inc.php')
[2011-01-09 05:38:26] /var/www/vhosts/cptr.us/subdomains/build/httpdocs/assets/inc/update.inc.php:157 - Error with message "Action login failed." was thrown from require_once (/var/www/vhosts/cptr.us/subdomains/build/httpdocs/index.php:7) with arguments: ('/var/www/vhosts/cptr.us/subdomains/build/httpdocs/system/core/init.inc.php')
[2011-01-09 05:40:14] /var/www/vhosts/cptr.us/subdomains/build/httpdocs/assets/inc/update.inc.php:157 - Error with message "Action login failed." was thrown from require_once (/var/www/vhosts/cptr.us/subdomains/build/httpdocs/index.php:7) with arguments: ('/var/www/vhosts/cptr.us/subdomains/build/httpdocs/system/core/init.inc.php')
[2011-01-09 05:53:03] /var/www/vhosts/cptr.us/subdomains/build/httpdocs/assets/inc/update.inc.php:170 - Error with message "An unknown error has occurred.
" was thrown from require_once (/var/www/vhosts/cptr.us/subdomains/build/httpdocs/index.php:7) with arguments: ('/var/www/vhosts/cptr.us/subdomains/build/httpdocs/system/core/init.inc.php')
[2011-01-09 05:53:21] /var/www/vhosts/cptr.us/subdomains/build/httpdocs/assets/inc/update.inc.php:170 - Error with message "An unknown error has occurred.
" was thrown from require_once (/var/www/vhosts/cptr.us/subdomains/build/httpdocs/index.php:7) with arguments: ('/var/www/vhosts/cptr.us/subdomains/build/httpdocs/system/core/init.inc.php')
[2011-01-09 06:58:31] /var/www/vhosts/cptr.us/subdomains/build/httpdocs/assets/inc/update.inc.php:170 - Error with message "An unknown error has occurred.
" was thrown from require_once (/var/www/vhosts/cptr.us/subdomains/build/httpdocs/index.php:7) with arguments: ('/var/www/vhosts/cptr.us/subdomains/build/httpdocs/system/core/init.inc.php')
[2011-01-09 07:29:22] /var/www/vhosts/cptr.us/subdomains/build/httpdocs/assets/inc/update.inc.php:170 - Error with message "An unknown error has occurred.
" was thrown from require_once (/var/www/vhosts/cptr.us/subdomains/build/httpdocs/index.php:7) with arguments: ('/var/www/vhosts/cptr.us/subdomains/build/httpdocs/system/core/init.inc.php')
[2011-01-09 07:47:46] /var/www/vhosts/cptr.us/subdomains/build/httpdocs/assets/inc/update.inc.php:170 - Error with message "An unknown error has occurred.
" was thrown from require_once (/var/www/vhosts/cptr.us/subdomains/build/httpdocs/index.php:7) with arguments: ('/var/www/vhosts/cptr.us/subdomains/build/httpdocs/system/core/init.inc.php')
[2011-01-09 08:39:31] /var/www/vhosts/cptr.us/subdomains/build/httpdocs/assets/inc/update.inc.php:170 - Error with message "An unknown error has occurred.
" was thrown from require_once (/var/www/vhosts/cptr.us/subdomains/build/httpdocs/index.php:7) with arguments: ('/var/www/vhosts/cptr.us/subdomains/build/httpdocs/system/core/init.inc.php')
